2015-07-02 16:15:09,025 - Log4JLogChute initialized using file 'velocity.log'
2015-07-02 16:15:09,025 - Initializing Velocity, Calling init()...
2015-07-02 16:15:09,025 - Starting Apache Velocity v1.7 (compiled: 2010-11-19 12:14:37)
2015-07-02 16:15:09,025 - Default Properties File: org/apache/velocity/runtime/defaults/velocity.properties
2015-07-02 16:15:09,025 - Trying to use logger class org.apache.velocity.runtime.log.AvalonLogChute
2015-07-02 16:15:09,025 - Target log system for org.apache.velocity.runtime.log.AvalonLogChute is not available (java.lang.NoClassDefFoundError: org/apache/log/Priority).  Falling back to next log system...
2015-07-02 16:15:09,025 - Trying to use logger class org.apache.velocity.runtime.log.Log4JLogChute
2015-07-02 16:15:09,025 - Using logger class org.apache.velocity.runtime.log.Log4JLogChute
2015-07-02 16:15:09,027 - ResourceLoader instantiated: org.apache.velocity.runtime.resource.loader.FileResourceLoader
2015-07-02 16:15:09,028 - Do unicode file recognition:  false
2015-07-02 16:15:09,028 - FileResourceLoader : adding path '.'
2015-07-02 16:15:09,033 - ResourceCache: initialized (class org.apache.velocity.runtime.resource.ResourceCacheImpl) with class java.util.Collections$SynchronizedMap cache map.
2015-07-02 16:15:09,034 - Loaded System Directive: org.apache.velocity.runtime.directive.Stop
2015-07-02 16:15:09,035 - Loaded System Directive: org.apache.velocity.runtime.directive.Define
2015-07-02 16:15:09,035 - Loaded System Directive: org.apache.velocity.runtime.directive.Break
2015-07-02 16:15:09,035 - Loaded System Directive: org.apache.velocity.runtime.directive.Evaluate
2015-07-02 16:15:09,035 - Loaded System Directive: org.apache.velocity.runtime.directive.Literal
2015-07-02 16:15:09,036 - Loaded System Directive: org.apache.velocity.runtime.directive.Macro
2015-07-02 16:15:09,036 - Loaded System Directive: org.apache.velocity.runtime.directive.Parse
2015-07-02 16:15:09,037 - Loaded System Directive: org.apache.velocity.runtime.directive.Include
2015-07-02 16:15:09,037 - Loaded System Directive: org.apache.velocity.runtime.directive.Foreach
2015-07-02 16:15:09,044 - Created '20' parsers.
2015-07-02 16:15:09,045 - Velocimacro : "velocimacro.library" is not set.  Trying default library: VM_global_library.vm
2015-07-02 16:15:09,045 - Velocimacro : Default library not found.
2015-07-02 16:15:09,045 - Velocimacro : allowInline = true : VMs can be defined inline in templates
2015-07-02 16:15:09,045 - Velocimacro : allowInlineToOverride = false : VMs defined inline may NOT replace previous VM definitions
2015-07-02 16:15:09,045 - Velocimacro : allowInlineLocal = false : VMs defined inline will be global in scope if allowed.
2015-07-02 16:15:09,045 - Velocimacro : autoload off : VM system will not automatically reload global library macros
2015-07-02 16:17:11,998 - Log4JLogChute initialized using file 'velocity.log'
2015-07-02 16:17:11,999 - Initializing Velocity, Calling init()...
2015-07-02 16:17:11,999 - Starting Apache Velocity v1.7 (compiled: 2010-11-19 12:14:37)
2015-07-02 16:17:11,999 - Default Properties File: org/apache/velocity/runtime/defaults/velocity.properties
2015-07-02 16:17:11,999 - Trying to use logger class org.apache.velocity.runtime.log.AvalonLogChute
2015-07-02 16:17:11,999 - Target log system for org.apache.velocity.runtime.log.AvalonLogChute is not available (java.lang.NoClassDefFoundError: org/apache/log/Priority).  Falling back to next log system...
2015-07-02 16:17:11,999 - Trying to use logger class org.apache.velocity.runtime.log.Log4JLogChute
2015-07-02 16:17:11,999 - Using logger class org.apache.velocity.runtime.log.Log4JLogChute
2015-07-02 16:17:12,001 - ResourceLoader instantiated: org.apache.velocity.runtime.resource.loader.FileResourceLoader
2015-07-02 16:17:12,002 - Do unicode file recognition:  false
2015-07-02 16:17:12,002 - FileResourceLoader : adding path '.'
2015-07-02 16:17:12,008 - ResourceCache: initialized (class org.apache.velocity.runtime.resource.ResourceCacheImpl) with class java.util.Collections$SynchronizedMap cache map.
2015-07-02 16:17:12,010 - Loaded System Directive: org.apache.velocity.runtime.directive.Stop
2015-07-02 16:17:12,011 - Loaded System Directive: org.apache.velocity.runtime.directive.Define
2015-07-02 16:17:12,011 - Loaded System Directive: org.apache.velocity.runtime.directive.Break
2015-07-02 16:17:12,012 - Loaded System Directive: org.apache.velocity.runtime.directive.Evaluate
2015-07-02 16:17:12,012 - Loaded System Directive: org.apache.velocity.runtime.directive.Literal
2015-07-02 16:17:12,012 - Loaded System Directive: org.apache.velocity.runtime.directive.Macro
2015-07-02 16:17:12,013 - Loaded System Directive: org.apache.velocity.runtime.directive.Parse
2015-07-02 16:17:12,013 - Loaded System Directive: org.apache.velocity.runtime.directive.Include
2015-07-02 16:17:12,013 - Loaded System Directive: org.apache.velocity.runtime.directive.Foreach
2015-07-02 16:17:12,020 - Created '20' parsers.
2015-07-02 16:17:12,021 - Velocimacro : "velocimacro.library" is not set.  Trying default library: VM_global_library.vm
2015-07-02 16:17:12,022 - Velocimacro : Default library not found.
2015-07-02 16:17:12,022 - Velocimacro : allowInline = true : VMs can be defined inline in templates
2015-07-02 16:17:12,022 - Velocimacro : allowInlineToOverride = false : VMs defined inline may NOT replace previous VM definitions
2015-07-02 16:17:12,022 - Velocimacro : allowInlineLocal = false : VMs defined inline will be global in scope if allowed.
2015-07-02 16:17:12,022 - Velocimacro : autoload off : VM system will not automatically reload global library macros
2015-07-02 16:17:34,454 - Log4JLogChute initialized using file 'velocity.log'
2015-07-02 16:17:34,455 - Initializing Velocity, Calling init()...
2015-07-02 16:17:34,455 - Starting Apache Velocity v1.7 (compiled: 2010-11-19 12:14:37)
2015-07-02 16:17:34,455 - Default Properties File: org/apache/velocity/runtime/defaults/velocity.properties
2015-07-02 16:17:34,455 - Trying to use logger class org.apache.velocity.runtime.log.AvalonLogChute
2015-07-02 16:17:34,455 - Target log system for org.apache.velocity.runtime.log.AvalonLogChute is not available (java.lang.NoClassDefFoundError: org/apache/log/Priority).  Falling back to next log system...
2015-07-02 16:17:34,455 - Trying to use logger class org.apache.velocity.runtime.log.Log4JLogChute
2015-07-02 16:17:34,455 - Using logger class org.apache.velocity.runtime.log.Log4JLogChute
2015-07-02 16:17:34,457 - ResourceLoader instantiated: org.apache.velocity.runtime.resource.loader.FileResourceLoader
2015-07-02 16:17:34,458 - Do unicode file recognition:  false
2015-07-02 16:17:34,458 - FileResourceLoader : adding path '.'
2015-07-02 16:17:34,462 - ResourceCache: initialized (class org.apache.velocity.runtime.resource.ResourceCacheImpl) with class java.util.Collections$SynchronizedMap cache map.
2015-07-02 16:17:34,464 - Loaded System Directive: org.apache.velocity.runtime.directive.Stop
2015-07-02 16:17:34,464 - Loaded System Directive: org.apache.velocity.runtime.directive.Define
2015-07-02 16:17:34,464 - Loaded System Directive: org.apache.velocity.runtime.directive.Break
2015-07-02 16:17:34,465 - Loaded System Directive: org.apache.velocity.runtime.directive.Evaluate
2015-07-02 16:17:34,465 - Loaded System Directive: org.apache.velocity.runtime.directive.Literal
2015-07-02 16:17:34,465 - Loaded System Directive: org.apache.velocity.runtime.directive.Macro
2015-07-02 16:17:34,466 - Loaded System Directive: org.apache.velocity.runtime.directive.Parse
2015-07-02 16:17:34,467 - Loaded System Directive: org.apache.velocity.runtime.directive.Include
2015-07-02 16:17:34,467 - Loaded System Directive: org.apache.velocity.runtime.directive.Foreach
2015-07-02 16:17:34,474 - Created '20' parsers.
2015-07-02 16:17:34,476 - Velocimacro : "velocimacro.library" is not set.  Trying default library: VM_global_library.vm
2015-07-02 16:17:34,476 - Velocimacro : Default library not found.
2015-07-02 16:17:34,476 - Velocimacro : allowInline = true : VMs can be defined inline in templates
2015-07-02 16:17:34,476 - Velocimacro : allowInlineToOverride = false : VMs defined inline may NOT replace previous VM definitions
2015-07-02 16:17:34,476 - Velocimacro : allowInlineLocal = false : VMs defined inline will be global in scope if allowed.
2015-07-02 16:17:34,476 - Velocimacro : autoload off : VM system will not automatically reload global library macros
2015-07-02 16:22:19,208 - Log4JLogChute initialized using file 'velocity.log'
2015-07-02 16:22:19,209 - Initializing Velocity, Calling init()...
2015-07-02 16:22:19,209 - Starting Apache Velocity v1.7 (compiled: 2010-11-19 12:14:37)
2015-07-02 16:22:19,209 - Default Properties File: org/apache/velocity/runtime/defaults/velocity.properties
2015-07-02 16:22:19,209 - Trying to use logger class org.apache.velocity.runtime.log.AvalonLogChute
2015-07-02 16:22:19,209 - Target log system for org.apache.velocity.runtime.log.AvalonLogChute is not available (java.lang.NoClassDefFoundError: org/apache/log/Priority).  Falling back to next log system...
2015-07-02 16:22:19,209 - Trying to use logger class org.apache.velocity.runtime.log.Log4JLogChute
2015-07-02 16:22:19,209 - Using logger class org.apache.velocity.runtime.log.Log4JLogChute
2015-07-02 16:22:19,211 - ResourceLoader instantiated: org.apache.velocity.runtime.resource.loader.FileResourceLoader
2015-07-02 16:22:19,212 - Do unicode file recognition:  false
2015-07-02 16:22:19,212 - FileResourceLoader : adding path '.'
2015-07-02 16:22:19,216 - ResourceCache: initialized (class org.apache.velocity.runtime.resource.ResourceCacheImpl) with class java.util.Collections$SynchronizedMap cache map.
2015-07-02 16:22:19,217 - Loaded System Directive: org.apache.velocity.runtime.directive.Stop
2015-07-02 16:22:19,218 - Loaded System Directive: org.apache.velocity.runtime.directive.Define
2015-07-02 16:22:19,218 - Loaded System Directive: org.apache.velocity.runtime.directive.Break
2015-07-02 16:22:19,219 - Loaded System Directive: org.apache.velocity.runtime.directive.Evaluate
2015-07-02 16:22:19,219 - Loaded System Directive: org.apache.velocity.runtime.directive.Literal
2015-07-02 16:22:19,219 - Loaded System Directive: org.apache.velocity.runtime.directive.Macro
2015-07-02 16:22:19,220 - Loaded System Directive: org.apache.velocity.runtime.directive.Parse
2015-07-02 16:22:19,220 - Loaded System Directive: org.apache.velocity.runtime.directive.Include
2015-07-02 16:22:19,221 - Loaded System Directive: org.apache.velocity.runtime.directive.Foreach
2015-07-02 16:22:19,228 - Created '20' parsers.
2015-07-02 16:22:19,229 - Velocimacro : "velocimacro.library" is not set.  Trying default library: VM_global_library.vm
2015-07-02 16:22:19,229 - Velocimacro : Default library not found.
2015-07-02 16:22:19,229 - Velocimacro : allowInline = true : VMs can be defined inline in templates
2015-07-02 16:22:19,234 - Velocimacro : allowInlineToOverride = false : VMs defined inline may NOT replace previous VM definitions
2015-07-02 16:22:19,234 - Velocimacro : allowInlineLocal = false : VMs defined inline will be global in scope if allowed.
2015-07-02 16:22:19,234 - Velocimacro : autoload off : VM system will not automatically reload global library macros
2015-07-02 16:22:31,166 - Log4JLogChute initialized using file 'velocity.log'
2015-07-02 16:22:31,167 - Initializing Velocity, Calling init()...
2015-07-02 16:22:31,167 - Starting Apache Velocity v1.7 (compiled: 2010-11-19 12:14:37)
2015-07-02 16:22:31,167 - Default Properties File: org/apache/velocity/runtime/defaults/velocity.properties
2015-07-02 16:22:31,167 - Trying to use logger class org.apache.velocity.runtime.log.AvalonLogChute
2015-07-02 16:22:31,167 - Target log system for org.apache.velocity.runtime.log.AvalonLogChute is not available (java.lang.NoClassDefFoundError: org/apache/log/Priority).  Falling back to next log system...
2015-07-02 16:22:31,167 - Trying to use logger class org.apache.velocity.runtime.log.Log4JLogChute
2015-07-02 16:22:31,167 - Using logger class org.apache.velocity.runtime.log.Log4JLogChute
2015-07-02 16:22:31,181 - ResourceLoader instantiated: org.apache.velocity.runtime.resource.loader.FileResourceLoader
2015-07-02 16:22:31,182 - Do unicode file recognition:  false
2015-07-02 16:22:31,182 - FileResourceLoader : adding path '.'
2015-07-02 16:22:31,186 - ResourceCache: initialized (class org.apache.velocity.runtime.resource.ResourceCacheImpl) with class java.util.Collections$SynchronizedMap cache map.
2015-07-02 16:22:31,188 - Loaded System Directive: org.apache.velocity.runtime.directive.Stop
2015-07-02 16:22:31,188 - Loaded System Directive: org.apache.velocity.runtime.directive.Define
2015-07-02 16:22:31,188 - Loaded System Directive: org.apache.velocity.runtime.directive.Break
2015-07-02 16:22:31,189 - Loaded System Directive: org.apache.velocity.runtime.directive.Evaluate
2015-07-02 16:22:31,189 - Loaded System Directive: org.apache.velocity.runtime.directive.Literal
2015-07-02 16:22:31,189 - Loaded System Directive: org.apache.velocity.runtime.directive.Macro
2015-07-02 16:22:31,190 - Loaded System Directive: org.apache.velocity.runtime.directive.Parse
2015-07-02 16:22:31,190 - Loaded System Directive: org.apache.velocity.runtime.directive.Include
2015-07-02 16:22:31,191 - Loaded System Directive: org.apache.velocity.runtime.directive.Foreach
2015-07-02 16:22:31,198 - Created '20' parsers.
2015-07-02 16:22:31,199 - Velocimacro : "velocimacro.library" is not set.  Trying default library: VM_global_library.vm
2015-07-02 16:22:31,200 - Velocimacro : Default library not found.
2015-07-02 16:22:31,200 - Velocimacro : allowInline = true : VMs can be defined inline in templates
2015-07-02 16:22:31,200 - Velocimacro : allowInlineToOverride = false : VMs defined inline may NOT replace previous VM definitions
2015-07-02 16:22:31,200 - Velocimacro : allowInlineLocal = false : VMs defined inline will be global in scope if allowed.
2015-07-02 16:22:31,200 - Velocimacro : autoload off : VM system will not automatically reload global library macros
